#
# There is insufficient memory for the Java Runtime Environment to continue.
# Native memory allocation (malloc) failed to allocate 1749296 bytes for Chunk::new
# Possible reasons:
#   The system is out of physical RAM or swap space
#   The process is running with CompressedOops enabled, and the Java Heap may be blocking the growth of the native heap
# Possible solutions:
#   Reduce memory load on the system
#   Increase physical memory or swap space
#   Check if swap backing store is full
#   Decrease Java heap size (-Xmx/-Xms)
#   Decrease number of Java threads
#   Decrease Java thread stack sizes (-Xss)
#   Set larger code cache with -XX:ReservedCodeCacheSize=
#   JVM is running with Unscaled Compressed Oops mode in which the Java heap is
#     placed in the first 4GB address space. The Java Heap base address is the
#     maximum limit for the native heap growth. Please use -XX:HeapBaseMinAddress
#     to set the Java Heap base and to place the Java Heap above 4GB virtual address.
# This output file may be truncated or incomplete.
#
#  Out of Memory Error (./src/hotspot/share/memory/arena.cpp:197), pid=11228, tid=13184
#
# JRE version: OpenJDK Runtime Environment Temurin-11.0.16.1+1 (11.0.16.1+1) (build 11.0.16.1+1)
# Java VM: OpenJDK 64-Bit Server VM Temurin-11.0.16.1+1 (11.0.16.1+1, mixed mode, tiered, compressed oops, g1 gc, windows-amd64)
# No core dump will be written. Minidumps are not enabled by default on client versions of Windows
#

---------------  S U M M A R Y ------------

Command Line: org.jetbrains.kotlin.cli.jvm.K2JVMCompiler @D:\etsangatsanganavinamaster\node_modules\react-native-screens\android\build\20221115_9228487661253585911.compiler.options

Host: Intel(R) Core(TM) i3 CPU       M 380  @ 2.53GHz, 4 cores, 3G,  Windows 10 , 64 bit Build 19041 (10.0.19041.1706)
Time: Tue Nov 15 13:02:26 2022 Russie TZ 2 elapsed time: 61.661159 seconds (0d 0h 1m 1s)

---------------  T H R E A D  ---------------

Current thread (0x0000023e38646000):  JavaThread "C2 CompilerThread0" daemon [_thread_in_native, id=13184, stack(0x000000e13d100000,0x000000e13d200000)]


Current CompileTask:
C2:  61661 19789       4       org.jetbrains.kotlin.backend.jvm.mapping.MethodSignatureMapper::mapSignature (557 bytes)

Stack: [0x000000e13d100000,0x000000e13d200000]
Native frames: (J=compiled Java code, j=interpreted, Vv=VM code, C=native code)
V  [jvm.dll+0x61f18a]
V  [jvm.dll+0x7abb09]
V  [jvm.dll+0x7ad1f8]
V  [jvm.dll+0x7ad8d3]
V  [jvm.dll+0x24fc38]
V  [jvm.dll+0xc262c]
V  [jvm.dll+0xc2bec]
V  [jvm.dll+0x359de2]
V  [jvm.dll+0x325fb3]
V  [jvm.dll+0x3252ea]
V  [jvm.dll+0x208f65]
V  [jvm.dll+0x20808d]
V  [jvm.dll+0x18a3a1]
V  [jvm.dll+0x2178e4]
V  [jvm.dll+0x215b2b]
V  [jvm.dll+0x76e610]
V  [jvm.dll+0x767544]
V  [jvm.dll+0x61dff5]
C  [ucrtbase.dll+0x21bb2]
C  [KERNEL32.DLL+0x17034]
C  [ntdll.dll+0x52651]


---------------  P R O C E S S  ---------------

Threads class SMR info:
_java_thread_list=0x0000023e3ad3bb90, length=10, elements={
0x0000023e1bdfe800, 0x0000023e3862b800, 0x0000023e38636000, 0x0000023e38699800,
0x0000023e38641000, 0x0000023e38643000, 0x0000023e38646000, 0x0000023e3864c800,
0x0000023e386a3000, 0x0000023e38964800
}

Java Threads: ( => current thread )
  0x0000023e1bdfe800 JavaThread "main" [_thread_in_Java, id=10188, stack(0x000000e13c500000,0x000000e13c600000)]
  0x0000023e3862b800 JavaThread "Reference Handler" daemon [_thread_blocked, id=11320, stack(0x000000e13cc00000,0x000000e13cd00000)]
  0x0000023e38636000 JavaThread "Finalizer" daemon [_thread_blocked, id=5244, stack(0x000000e13cd00000,0x000000e13ce00000)]
  0x0000023e38699800 JavaThread "Signal Dispatcher" daemon [_thread_blocked, id=9736, stack(0x000000e13ce00000,0x000000e13cf00000)]
  0x0000023e38641000 JavaThread "Attach Listener" daemon [_thread_blocked, id=7360, stack(0x000000e13cf00000,0x000000e13d000000)]
  0x0000023e38643000 JavaThread "Service Thread" daemon [_thread_blocked, id=2544, stack(0x000000e13d000000,0x000000e13d100000)]
=>0x0000023e38646000 JavaThread "C2 CompilerThread0" daemon [_thread_in_native, id=13184, stack(0x000000e13d100000,0x000000e13d200000)]
  0x0000023e3864c800 JavaThread "C1 CompilerThread0" daemon [_thread_blocked, id=7440, stack(0x000000e13d200000,0x000000e13d300000)]
  0x0000023e386a3000 JavaThread "Sweeper thread" daemon [_thread_blocked, id=340, stack(0x000000e13d300000,0x000000e13d400000)]
  0x0000023e38964800 JavaThread "Common-Cleaner" daemon [_thread_blocked, id=10544, stack(0x000000e13d500000,0x000000e13d600000)]

Other Threads:
  0x0000023e38607000 VMThread "VM Thread" [stack: 0x000000e13cb00000,0x000000e13cc00000] [id=9828]
  0x0000023e3895c000 WatcherThread [stack: 0x000000e13d400000,0x000000e13d500000] [id=10020]
  0x0000023e1be16800 GCTaskThread "GC Thread#0" [stack: 0x000000e13c600000,0x000000e13c700000] [id=12376]
  0x0000023e38d0d000 GCTaskThread "GC Thread#1" [stack: 0x000000e13d600000,0x000000e13d700000] [id=8480]
  0x0000023e3d037800 GCTaskThread "GC Thread#2" [stack: 0x000000e13c400000,0x000000e13c500000] [id=2316]
  0x0000023e38f72800 GCTaskThread "GC Thread#3" [stack: 0x000000e13d700000,0x000000e13d800000] [id=2104]
  0x0000023e1be34800 ConcurrentGCThread "G1 Main Marker" [stack: 0x000000e13c700000,0x000000e13c800000] [id=11144]
  0x0000023e1be36800 ConcurrentGCThread "G1 Conc#0" [stack: 0x000000e13c800000,0x000000e13c900000] [id=6956]
  0x0000023e1be7b800 ConcurrentGCThread "G1 Refine#0" [stack: 0x000000e13c900000,0x000000e13ca00000] [id=5364]
  0x0000023e1be7c800 ConcurrentGCThread "G1 Young RemSet Sampling" [stack: 0x000000e13ca00000,0x000000e13cb00000] [id=1300]

Threads with active compile tasks:
C2 CompilerThread0    61908 19789       4       org.jetbrains.kotlin.backend.jvm.mapping.MethodSignatureMapper::mapSignature (557 bytes)

VM state:not at safepoint (normal execution)

VM Mutex/Monitor currently owned by a thread: None

Heap address: 0x00000000c3400000, size: 972 MB, Compressed Oops mode: 32-bit
Narrow klass base: 0x0000000000000000, Narrow klass shift: 3
Compressed class space size: 1073741824 Address: 0x0000000100000000

Heap:
 garbage-first heap   total 220160K, used 138880K [0x00000000c3400000, 0x0000000100000000)
  region size 1024K, 24 young (24576K), 5 survivors (5120K)
 Metaspace       used 93557K, capacity 94471K, committed 94800K, reserved 1134592K
  class space    used 9597K, capacity 9985K, committed 10108K, reserved 1048576K
Heap Regions: E=young(eden), S=young(survivor), O=old, HS=humongous(starts), HC=humongous(continues), CS=collection set, F=free, A=archive, TAMS=top-at-mark-start (previous, next)
|   0|0x00000000c3400000, 0x00000000c3500000, 0x00000000c3500000|100%|HS|  |TAMS 0x00000000c3500000, 0x00000000c3400000| Complete 
|   1|0x00000000c3500000, 0x00000000c3600000, 0x00000000c3600000|100%|HC|  |TAMS 0x00000000c3600000, 0x00000000c3500000| Complete 
|   2|0x00000000c3600000, 0x00000000c3700000, 0x00000000c3700000|100%|HC|  |TAMS 0x00000000c3700000, 0x00000000c3600000| Complete 
|   3|0x00000000c3700000, 0x00000000c3800000, 0x00000000c3800000|100%| O|  |TAMS 0x00000000c3800000, 0x00000000c3700000| Untracked 
|   4|0x00000000c3800000, 0x00000000c3900000, 0x00000000c3900000|100%| O|  |TAMS 0x00000000c3900000, 0x00000000c3800000| Untracked 
|   5|0x00000000c3900000, 0x00000000c3a00000, 0x00000000c3a00000|100%| O|  |TAMS 0x00000000c3a00000, 0x00000000c3900000| Untracked 
|   6|0x00000000c3a00000, 0x00000000c3b00000, 0x00000000c3b00000|100%| O|  |TAMS 0x00000000c3b00000, 0x00000000c3a00000| Untracked 
|   7|0x00000000c3b00000, 0x00000000c3c00000, 0x00000000c3c00000|100%| O|  |TAMS 0x00000000c3c00000, 0x00000000c3b00000| Untracked 
|   8|0x00000000c3c00000, 0x00000000c3d00000, 0x00000000c3d00000|100%| O|  |TAMS 0x00000000c3d00000, 0x00000000c3c00000| Untracked 
|   9|0x00000000c3d00000, 0x00000000c3e00000, 0x00000000c3e00000|100%|HS|  |TAMS 0x00000000c3e00000, 0x00000000c3d00000| Complete 
|  10|0x00000000c3e00000, 0x00000000c3f00000, 0x00000000c3f00000|100%|HC|  |TAMS 0x00000000c3f00000, 0x00000000c3e00000| Complete 
|  11|0x00000000c3f00000, 0x00000000c4000000, 0x00000000c4000000|100%|HC|  |TAMS 0x00000000c4000000, 0x00000000c3f00000| Complete 
|  12|0x00000000c4000000, 0x00000000c4100000, 0x00000000c4100000|100%| O|  |TAMS 0x00000000c4100000, 0x00000000c4000000| Untracked 
|  13|0x00000000c4100000, 0x00000000c4200000, 0x00000000c4200000|100%| O|  |TAMS 0x00000000c4200000, 0x00000000c4100000| Untracked 
|  14|0x00000000c4200000, 0x00000000c4300000, 0x00000000c4300000|100%| O|  |TAMS 0x00000000c4300000, 0x00000000c4200000| Untracked 
|  15|0x00000000c4300000, 0x00000000c4400000, 0x00000000c4400000|100%| O|  |TAMS 0x00000000c4400000, 0x00000000c4300000| Untracked 
|  16|0x00000000c4400000, 0x00000000c4500000, 0x00000000c4500000|100%| O|  |TAMS 0x00000000c4500000, 0x00000000c4400000| Untracked 
|  17|0x00000000c4500000, 0x00000000c4600000, 0x00000000c4600000|100%| O|  |TAMS 0x00000000c4600000, 0x00000000c4500000| Untracked 
|  18|0x00000000c4600000, 0x00000000c4700000, 0x00000000c4700000|100%| O|  |TAMS 0x00000000c4700000, 0x00000000c4600000| Untracked 
|  19|0x00000000c4700000, 0x00000000c4800000, 0x00000000c4800000|100%| O|  |TAMS 0x00000000c4800000, 0x00000000c4700000| Untracked 
|  20|0x00000000c4800000, 0x00000000c4900000, 0x00000000c4900000|100%| O|  |TAMS 0x00000000c4900000, 0x00000000c4800000| Untracked 
|  21|0x00000000c4900000, 0x00000000c4a00000, 0x00000000c4a00000|100%| O|  |TAMS 0x00000000c4a00000, 0x00000000c4900000| Untracked 
|  22|0x00000000c4a00000, 0x00000000c4b00000, 0x00000000c4b00000|100%|HS|  |TAMS 0x00000000c4b00000, 0x00000000c4a00000| Complete 
|  23|0x00000000c4b00000, 0x00000000c4c00000, 0x00000000c4c00000|100%|HC|  |TAMS 0x00000000c4c00000, 0x00000000c4b00000| Complete 
|  24|0x00000000c4c00000, 0x00000000c4d00000, 0x00000000c4d00000|100%| O|  |TAMS 0x00000000c4d00000, 0x00000000c4c00000| Untracked 
|  25|0x00000000c4d00000, 0x00000000c4e00000, 0x00000000c4e00000|100%| O|  |TAMS 0x00000000c4e00000, 0x00000000c4d00000| Untracked 
|  26|0x00000000c4e00000, 0x00000000c4f00000, 0x00000000c4f00000|100%| O|  |TAMS 0x00000000c4f00000, 0x00000000c4e00000| Untracked 
|  27|0x00000000c4f00000, 0x00000000c5000000, 0x00000000c5000000|100%| O|  |TAMS 0x00000000c5000000, 0x00000000c4f00000| Untracked 
|  28|0x00000000c5000000, 0x00000000c5100000, 0x00000000c5100000|100%| O|  |TAMS 0x00000000c5100000, 0x00000000c5000000| Untracked 
|  29|0x00000000c5100000, 0x00000000c5200000, 0x00000000c5200000|100%| O|  |TAMS 0x00000000c5200000, 0x00000000c5100000| Untracked 
|  30|0x00000000c5200000, 0x00000000c5300000, 0x00000000c5300000|100%| O|  |TAMS 0x00000000c5300000, 0x00000000c5200000| Untracked 
|  31|0x00000000c5300000, 0x00000000c5400000, 0x00000000c5400000|100%| O|  |TAMS 0x00000000c5400000, 0x00000000c5300000| Untracked 
|  32|0x00000000c5400000, 0x00000000c5500000, 0x00000000c5500000|100%| O|  |TAMS 0x00000000c5500000, 0x00000000c5400000| Untracked 
|  33|0x00000000c5500000, 0x00000000c5600000, 0x00000000c5600000|100%| O|  |TAMS 0x00000000c5600000, 0x00000000c5500000| Untracked 
|  34|0x00000000c5600000, 0x00000000c5700000, 0x00000000c5700000|100%| O|  |TAMS 0x00000000c5700000, 0x00000000c5600000| Untracked 
|  35|0x00000000c5700000, 0x00000000c5800000, 0x00000000c5800000|100%| O|  |TAMS 0x00000000c5800000, 0x00000000c5700000| Untracked 
|  36|0x00000000c5800000, 0x00000000c5900000, 0x00000000c5900000|100%| O|  |TAMS 0x00000000c5900000, 0x00000000c5800000| Untracked 
|  37|0x00000000c5900000, 0x00000000c5a00000, 0x00000000c5a00000|100%| O|  |TAMS 0x00000000c5a00000, 0x00000000c5900000| Untracked 
|  38|0x00000000c5a00000, 0x00000000c5b00000, 0x00000000c5b00000|100%| O|  |TAMS 0x00000000c5b00000, 0x00000000c5a00000| Untracked 
|  39|0x00000000c5b00000, 0x00000000c5c00000, 0x00000000c5c00000|100%| O|  |TAMS 0x00000000c5c00000, 0x00000000c5b00000| Untracked 
|  40|0x00000000c5c00000, 0x00000000c5d00000, 0x00000000c5d00000|100%| O|  |TAMS 0x00000000c5d00000, 0x00000000c5c00000| Untracked 
|  41|0x00000000c5d00000, 0x00000000c5e00000, 0x00000000c5e00000|100%| O|  |TAMS 0x00000000c5e00000, 0x00000000c5d00000| Untracked 
|  42|0x00000000c5e00000, 0x00000000c5f00000, 0x00000000c5f00000|100%| O|  |TAMS 0x00000000c5f00000, 0x00000000c5e00000| Untracked 
|  43|0x00000000c5f00000, 0x00000000c6000000, 0x00000000c6000000|100%| O|  |TAMS 0x00000000c6000000, 0x00000000c5f00000| Untracked 
|  44|0x00000000c6000000, 0x00000000c6100000, 0x00000000c6100000|100%| O|  |TAMS 0x00000000c6100000, 0x00000000c6000000| Untracked 
|  45|0x00000000c6100000, 0x00000000c6200000, 0x00000000c6200000|100%| O|  |TAMS 0x00000000c6200000, 0x00000000c6100000| Untracked 
|  46|0x00000000c6200000, 0x00000000c6300000, 0x00000000c6300000|100%| O|  |TAMS 0x00000000c6300000, 0x00000000c6200000| Untracked 
|  47|0x00000000c6300000, 0x00000000c6400000, 0x00000000c6400000|100%| O|  |TAMS 0x00000000c6400000, 0x00000000c6300000| Untracked 
|  48|0x00000000c6400000, 0x00000000c6500000, 0x00000000c6500000|100%| O|  |TAMS 0x00000000c6500000, 0x00000000c6400000| Untracked 
|  49|0x00000000c6500000, 0x00000000c6600000, 0x00000000c6600000|100%| O|  |TAMS 0x00000000c6600000, 0x00000000c6500000| Untracked 
|  50|0x00000000c6600000, 0x00000000c6700000, 0x00000000c6700000|100%| O|  |TAMS 0x00000000c6700000, 0x00000000c6600000| Untracked 
|  51|0x00000000c6700000, 0x00000000c6800000, 0x00000000c6800000|100%| O|  |TAMS 0x00000000c6800000, 0x00000000c6700000| Untracked 
|  52|0x00000000c6800000, 0x00000000c6900000, 0x00000000c6900000|100%| O|  |TAMS 0x00000000c6900000, 0x00000000c6800000| Untracked 
|  53|0x00000000c6900000, 0x00000000c6a00000, 0x00000000c6a00000|100%| O|  |TAMS 0x00000000c6a00000, 0x00000000c6900000| Untracked 
|  54|0x00000000c6a00000, 0x00000000c6b00000, 0x00000000c6b00000|100%| O|  |TAMS 0x00000000c6b00000, 0x00000000c6a00000| Untracked 
|  55|0x00000000c6b00000, 0x00000000c6c00000, 0x00000000c6c00000|100%| O|  |TAMS 0x00000000c6c00000, 0x00000000c6b00000| Untracked 
|  56|0x00000000c6c00000, 0x00000000c6d00000, 0x00000000c6d00000|100%| O|  |TAMS 0x00000000c6d00000, 0x00000000c6c00000| Untracked 
|  57|0x00000000c6d00000, 0x00000000c6e00000, 0x00000000c6e00000|100%| O|  |TAMS 0x00000000c6e00000, 0x00000000c6d00000| Untracked 
|  58|0x00000000c6e00000, 0x00000000c6f00000, 0x00000000c6f00000|100%| O|  |TAMS 0x00000000c6f00000, 0x00000000c6e00000| Untracked 
|  59|0x00000000c6f00000, 0x00000000c7000000, 0x00000000c7000000|100%| O|  |TAMS 0x00000000c7000000, 0x00000000c6f00000| Untracked 
|  60|0x00000000c7000000, 0x00000000c7100000, 0x00000000c7100000|100%| O|  |TAMS 0x00000000c7100000, 0x00000000c7000000| Untracked 
|  61|0x00000000c7100000, 0x00000000c7200000, 0x00000000c7200000|100%| O|  |TAMS 0x00000000c7200000, 0x00000000c7100000| Untracked 
|  62|0x00000000c7200000, 0x00000000c7300000, 0x00000000c7300000|100%| O|  |TAMS 0x00000000c7300000, 0x00000000c7200000| Untracked 
|  63|0x00000000c7300000, 0x00000000c7400000, 0x00000000c7400000|100%| O|  |TAMS 0x00000000c7400000, 0x00000000c7300000| Untracked 
|  64|0x00000000c7400000, 0x00000000c7500000, 0x00000000c7500000|100%| O|  |TAMS 0x00000000c7500000, 0x00000000c7400000| Untracked 
|  65|0x00000000c7500000, 0x00000000c7600000, 0x00000000c7600000|100%| O|  |TAMS 0x00000000c7600000, 0x00000000c7500000| Untracked 
|  66|0x00000000c7600000, 0x00000000c7700000, 0x00000000c7700000|100%| O|  |TAMS 0x00000000c7700000, 0x00000000c7600000| Untracked 
|  67|0x00000000c7700000, 0x00000000c7800000, 0x00000000c7800000|100%| O|  |TAMS 0x00000000c7800000, 0x00000000c7700000| Untracked 
|  68|0x00000000c7800000, 0x00000000c7900000, 0x00000000c7900000|100%| O|  |TAMS 0x00000000c7900000, 0x00000000c7800000| Untracked 
|  69|0x00000000c7900000, 0x00000000c7a00000, 0x00000000c7a00000|100%| O|  |TAMS 0x00000000c7a00000, 0x00000000c7900000| Untracked 
|  70|0x00000000c7a00000, 0x00000000c7b00000, 0x00000000c7b00000|100%| O|  |TAMS 0x00000000c7b00000, 0x00000000c7a00000| Untracked 
|  71|0x00000000c7b00000, 0x00000000c7c00000, 0x00000000c7c00000|100%| O|  |TAMS 0x00000000c7c00000, 0x00000000c7b00000| Untracked 
|  72|0x00000000c7c00000, 0x00000000c7d00000, 0x00000000c7d00000|100%| O|  |TAMS 0x00000000c7c1c800, 0x00000000c7c00000| Untracked 
|  73|0x00000000c7d00000, 0x00000000c7e00000, 0x00000000c7e00000|100%| O|  |TAMS 0x00000000c7d00000, 0x00000000c7d00000| Untracked 
|  74|0x00000000c7e00000, 0x00000000c7f00000, 0x00000000c7f00000|100%| O|  |TAMS 0x00000000c7f00000, 0x00000000c7e00000| Untracked 
|  75|0x00000000c7f00000, 0x00000000c8000000, 0x00000000c8000000|100%| O|  |TAMS 0x00000000c8000000, 0x00000000c7f00000| Untracked 
|  76|0x00000000c8000000, 0x00000000c8040800, 0x00000000c8100000| 25%| O|  |TAMS 0x00000000c8000000, 0x00000000c8000000| Untracked 
|  77|0x00000000c8100000, 0x00000000c8200000, 0x00000000c8200000|100%| O|  |TAMS 0x00000000c8200000, 0x00000000c8100000| Untracked 
|  78|0x00000000c8200000, 0x00000000c8300000, 0x00000000c8300000|100%| O|  |TAMS 0x00000000c8300000, 0x00000000c8200000| Untracked 
|  79|0x00000000c8300000, 0x00000000c8300000, 0x00000000c8400000|  0%| F|  |TAMS 0x00000000c8300000, 0x00000000c8300000| Untracked 
|  80|0x00000000c8400000, 0x00000000c8400000, 0x00000000c8500000|  0%| F|  |TAMS 0x00000000c8400000, 0x00000000c8400000| Untracked 
|  81|0x00000000c8500000, 0x00000000c8500000, 0x00000000c8600000|  0%| F|  |TAMS 0x00000000c8500000, 0x00000000c8500000| Untracked 
|  82|0x00000000c8600000, 0x00000000c8700000, 0x00000000c8700000|100%| O|  |TAMS 0x00000000c8700000, 0x00000000c8600000| Untracked 
|  83|0x00000000c8700000, 0x00000000c8700000, 0x00000000c8800000|  0%| F|  |TAMS 0x00000000c8700000, 0x00000000c8700000| Untracked 
|  84|0x00000000c8800000, 0x00000000c8800000, 0x00000000c8900000|  0%| F|  |TAMS 0x00000000c8800000, 0x00000000c8800000| Untracked 
|  85|0x00000000c8900000, 0x00000000c8a00000, 0x00000000c8a00000|100%| O|  |TAMS 0x00000000c8a00000, 0x00000000c8900000| Untracked 
|  86|0x00000000c8a00000, 0x00000000c8b00000, 0x00000000c8b00000|100%| O|  |TAMS 0x00000000c8b00000, 0x00000000c8a00000| Untracked 
|  87|0x00000000c8b00000, 0x00000000c8c00000, 0x00000000c8c00000|100%| O|  |TAMS 0x00000000c8c00000, 0x00000000c8b00000| Untracked 
|  88|0x00000000c8c00000, 0x00000000c8d00000, 0x00000000c8d00000|100%| O|  |TAMS 0x00000000c8d00000, 0x00000000c8c00000| Untracked 
|  89|0x00000000c8d00000, 0x00000000c8e00000, 0x00000000c8e00000|100%| O|  |TAMS 0x00000000c8e00000, 0x00000000c8d00000| Untracked 
|  90|0x00000000c8e00000, 0x00000000c8f00000, 0x00000000c8f00000|100%| O|  |TAMS 0x00000000c8f00000, 0x00000000c8e00000| Untracked 
|  91|0x00000000c8f00000, 0x00000000c9000000, 0x00000000c9000000|100%| O|  |TAMS 0x00000000c9000000, 0x00000000c8f00000| Untracked 
|  92|0x00000000c9000000, 0x00000000c9100000, 0x00000000c9100000|100%| O|  |TAMS 0x00000000c9100000, 0x00000000c9000000| Untracked 
|  93|0x00000000c9100000, 0x00000000c9200000, 0x00000000c9200000|100%| O|  |TAMS 0x00000000c9200000, 0x00000000c9100000| Untracked 
|  94|0x00000000c9200000, 0x00000000c9300000, 0x00000000c9300000|100%| O|  |TAMS 0x00000000c9300000, 0x00000000c9200000| Untracked 
|  95|0x00000000c9300000, 0x00000000c9300000, 0x00000000c9400000|  0%| F|  |TAMS 0x00000000c9300000, 0x00000000c9300000| Untracked 
|  96|0x00000000c9400000, 0x00000000c9500000, 0x00000000c9500000|100%| O|  |TAMS 0x00000000c9500000, 0x00000000c9400000| Untracked 
|  97|0x00000000c9500000, 0x00000000c9600000, 0x00000000c9600000|100%| O|  |TAMS 0x00000000c9600000, 0x00000000c9500000| Untracked 
|  98|0x00000000c9600000, 0x00000000c9700000, 0x00000000c9700000|100%| O|  |TAMS 0x00000000c9700000, 0x00000000c9600000| Untracked 
|  99|0x00000000c9700000, 0x00000000c9700000, 0x00000000c9800000|  0%| F|  |TAMS 0x00000000c9700000, 0x00000000c9700000| Untracked 
| 100|0x00000000c9800000, 0x00000000c9900000, 0x00000000c9900000|100%| O|  |TAMS 0x00000000c9900000, 0x00000000c9800000| Untracked 
| 101|0x00000000c9900000, 0x00000000c9a00000, 0x00000000c9a00000|100%| O|  |TAMS 0x00000000c9a00000, 0x00000000c9900000| Untracked 
| 102|0x00000000c9a00000, 0x00000000c9b00000, 0x00000000c9b00000|100%| O|  |TAMS 0x00000000c9b00000, 0x00000000c9a00000| Untracked 
| 103|0x00000000c9b00000, 0x00000000c9c00000, 0x00000000c9c00000|100%| O|  |TAMS 0x00000000c9c00000, 0x00000000c9b00000| Untracked 
| 104|0x00000000c9c00000, 0x00000000c9d00000, 0x00000000c9d00000|100%| O|  |TAMS 0x00000000c9d00000, 0x00000000c9c00000| Untracked 
| 105|0x00000000c9d00000, 0x00000000c9e00000, 0x00000000c9e00000|100%| O|  |TAMS 0x00000000c9e00000, 0x00000000c9d00000| Untracked 
| 106|0x00000000c9e00000, 0x00000000c9f00000, 0x00000000c9f00000|100%| O|  |TAMS 0x00000000c9f00000, 0x00000000c9e00000| Untracked 
| 107|0x00000000c9f00000, 0x00000000c9f00000, 0x00000000ca000000|  0%| F|  |TAMS 0x00000000c9f00000, 0x00000000c9f00000| Untracked 
| 108|0x00000000ca000000, 0x00000000ca100000, 0x00000000ca100000|100%| O|  |TAMS 0x00000000ca100000, 0x00000000ca000000| Untracked 
| 109|0x00000000ca100000, 0x00000000ca200000, 0x00000000ca200000|100%| O|  |TAMS 0x00000000ca200000, 0x00000000ca100000| Untracked 
| 110|0x00000000ca200000, 0x00000000ca300000, 0x00000000ca300000|100%| O|  |TAMS 0x00000000ca300000, 0x00000000ca200000| Untracked 
| 111|0x00000000ca300000, 0x00000000ca400000, 0x00000000ca400000|100%| O|  |TAMS 0x00000000ca400000, 0x00000000ca300000| Untracked 
| 112|0x00000000ca400000, 0x00000000ca500000, 0x00000000ca500000|100%| O|  |TAMS 0x00000000ca500000, 0x00000000ca400000| Untracked 
| 113|0x00000000ca500000, 0x00000000ca600000, 0x00000000ca600000|100%| O|  |TAMS 0x00000000ca600000, 0x00000000ca500000| Untracked 
| 114|0x00000000ca600000, 0x00000000ca700000, 0x00000000ca700000|100%| O|  |TAMS 0x00000000ca700000, 0x00000000ca600000| Untracked 
| 115|0x00000000ca700000, 0x00000000ca800000, 0x00000000ca800000|100%| O|  |TAMS 0x00000000ca800000, 0x00000000ca700000| Untracked 
| 116|0x00000000ca800000, 0x00000000ca900000, 0x00000000ca900000|100%| O|  |TAMS 0x00000000ca900000, 0x00000000ca800000| Untracked 
| 117|0x00000000ca900000, 0x00000000caa00000, 0x00000000caa00000|100%| O|  |TAMS 0x00000000caa00000, 0x00000000ca900000| Untracked 
| 118|0x00000000caa00000, 0x00000000cab00000, 0x00000000cab00000|100%| O|  |TAMS 0x00000000cab00000, 0x00000000caa00000| Untracked 
| 119|0x00000000cab00000, 0x00000000cac00000, 0x00000000cac00000|100%| O|  |TAMS 0x00000000cac00000, 0x00000000cab00000| Untracked 
| 120|0x00000000cac00000, 0x00000000cad00000, 0x00000000cad00000|100%| O|  |TAMS 0x00000000cad00000, 0x00000000cac00000| Untracked 
| 121|0x00000000cad00000, 0x00000000cae00000, 0x00000000cae00000|100%| O|  |TAMS 0x00000000cae00000, 0x00000000cad00000| Untracked 
| 122|0x00000000cae00000, 0x00000000cae00000, 0x00000000caf00000|  0%| F|  |TAMS 0x00000000cae00000, 0x00000000cae00000| Untracked 
| 123|0x00000000caf00000, 0x00000000caf00000, 0x00000000cb000000|  0%| F|  |TAMS 0x00000000caf00000, 0x00000000caf00000| Untracked 
| 124|0x00000000cb000000, 0x00000000cb000000, 0x00000000cb100000|  0%| F|  |TAMS 0x00000000cb000000, 0x00000000cb000000| Untracked 
| 125|0x00000000cb100000, 0x00000000cb100000, 0x00000000cb200000|  0%| F|  |TAMS 0x00000000cb100000, 0x00000000cb100000| Untracked 
| 126|0x00000000cb200000, 0x00000000cb200000, 0x00000000cb300000|  0%| F|  |TAMS 0x00000000cb200000, 0x00000000cb200000| Untracked 
| 127|0x00000000cb300000, 0x00000000cb300000, 0x00000000cb400000|  0%| F|  |TAMS 0x00000000cb300000, 0x00000000cb300000| Untracked 
| 128|0x00000000cb400000, 0x00000000cb400000, 0x00000000cb500000|  0%| F|  |TAMS 0x00000000cb400000, 0x00000000cb400000| Untracked 
| 129|0x00000000cb500000, 0x00000000cb500000, 0x00000000cb600000|  0%| F|  |TAMS 0x00000000cb500000, 0x00000000cb500000| Untracked 
| 130|0x00000000cb600000, 0x00000000cb600000, 0x00000000cb700000|  0%| F|  |TAMS 0x00000000cb600000, 0x00000000cb600000| Untracked 
| 131|0x00000000cb700000, 0x00000000cb700000, 0x00000000cb800000|  0%| F|  |TAMS 0x00000000cb700000, 0x00000000cb700000| Untracked 
| 132|0x00000000cb800000, 0x00000000cb800000, 0x00000000cb900000|  0%| F|  |TAMS 0x00000000cb800000, 0x00000000cb800000| Untracked 
| 133|0x00000000cb900000, 0x00000000cb900000, 0x00000000cba00000|  0%| F|  |TAMS 0x00000000cb900000, 0x00000000cb900000| Untracked 
| 134|0x00000000cba00000, 0x00000000cba00000, 0x00000000cbb00000|  0%| F|  |TAMS 0x00000000cba00000, 0x00000000cba00000| Untracked 
| 135|0x00000000cbb00000, 0x00000000cbb00000, 0x00000000cbc00000|  0%| F|  |TAMS 0x00000000cbb00000, 0x00000000cbb00000| Untracked 
| 136|0x00000000cbc00000, 0x00000000cbc00000, 0x00000000cbd00000|  0%| F|  |TAMS 0x00000000cbc00000, 0x00000000cbc00000| Untracked 
| 137|0x00000000cbd00000, 0x00000000cbd00000, 0x00000000cbe00000|  0%| F|  |TAMS 0x00000000cbd00000, 0x00000000cbd00000| Untracked 
| 138|0x00000000cbe00000, 0x00000000cbe5f860, 0x00000000cbf00000| 37%| S|CS|TAMS 0x00000000cbe00000, 0x00000000cbe00000| Complete 
| 139|0x00000000cbf00000, 0x00000000cbf00000, 0x00000000cc000000|  0%| F|  |TAMS 0x00000000cbf00000, 0x00000000cbf00000| Untracked 
| 140|0x00000000cc000000, 0x00000000cc000000, 0x00000000cc100000|  0%| F|  |TAMS 0x00000000cc000000, 0x00000000cc000000| Untracked 
| 141|0x00000000cc100000, 0x00000000cc200000, 0x00000000cc200000|100%| S|CS|TAMS 0x00000000cc100000, 0x00000000cc100000| Complete 
| 142|0x00000000cc200000, 0x00000000cc300000, 0x00000000cc300000|100%| S|CS|TAMS 0x00000000cc200000, 0x00000000cc200000| Complete 
| 143|0x00000000cc300000, 0x00000000cc400000, 0x00000000cc400000|100%| S|CS|TAMS 0x00000000cc300000, 0x00000000cc300000| Complete 
| 144|0x00000000cc400000, 0x00000000cc400000, 0x00000000cc500000|  0%| F|  |TAMS 0x00000000cc400000, 0x00000000cc400000| Untracked 
| 145|0x00000000cc500000, 0x00000000cc500000, 0x00000000cc600000|  0%| F|  |TAMS 0x00000000cc500000, 0x00000000cc500000| Untracked 
| 146|0x00000000cc600000, 0x00000000cc700000, 0x00000000cc700000|100%| S|CS|TAMS 0x00000000cc600000, 0x00000000cc600000| Complete 
| 147|0x00000000cc700000, 0x00000000cc700000, 0x00000000cc800000|  0%| F|  |TAMS 0x00000000cc700000, 0x00000000cc700000| Untracked 
| 148|0x00000000cc800000, 0x00000000cc800000, 0x00000000cc900000|  0%| F|  |TAMS 0x00000000cc800000, 0x00000000cc800000| Untracked 
| 149|0x00000000cc900000, 0x00000000cc900000, 0x00000000cca00000|  0%| F|  |TAMS 0x00000000cc900000, 0x00000000cc900000| Untracked 
| 150|0x00000000cca00000, 0x00000000cca00000, 0x00000000ccb00000|  0%| F|  |TAMS 0x00000000cca00000, 0x00000000cca00000| Untracked 
| 151|0x00000000ccb00000, 0x00000000ccb00000, 0x00000000ccc00000|  0%| F|  |TAMS 0x00000000ccb00000, 0x00000000ccb00000| Untracked 
| 152|0x00000000ccc00000, 0x00000000ccc00000, 0x00000000ccd00000|  0%| F|  |TAMS 0x00000000ccc00000, 0x00000000ccc00000| Untracked 
| 153|0x00000000ccd00000, 0x00000000ccd00000, 0x00000000cce00000|  0%| F|  |TAMS 0x00000000ccd00000, 0x00000000ccd00000| Untracked 
| 154|0x00000000cce00000, 0x00000000cce00000, 0x00000000ccf00000|  0%| F|  |TAMS 0x00000000cce00000, 0x00000000cce00000| Untracked 
| 155|0x00000000ccf00000, 0x00000000ccf00000, 0x00000000cd000000|  0%| F|  |TAMS 0x00000000ccf00000, 0x00000000ccf00000| Untracked 
| 156|0x00000000cd000000, 0x00000000cd000000, 0x00000000cd100000|  0%| F|  |TAMS 0x00000000cd000000, 0x00000000cd000000| Untracked 
| 157|0x00000000cd100000, 0x00000000cd100000, 0x00000000cd200000|  0%| F|  |TAMS 0x00000000cd100000, 0x00000000cd100000| Untracked 
| 158|0x00000000cd200000, 0x00000000cd200000, 0x00000000cd300000|  0%| F|  |TAMS 0x00000000cd200000, 0x00000000cd200000| Untracked 
| 159|0x00000000cd300000, 0x00000000cd300000, 0x00000000cd400000|  0%| F|  |TAMS 0x00000000cd300000, 0x00000000cd300000| Untracked 
| 160|0x00000000cd400000, 0x00000000cd400000, 0x00000000cd500000|  0%| F|  |TAMS 0x00000000cd400000, 0x00000000cd400000| Untracked 
| 161|0x00000000cd500000, 0x00000000cd500000, 0x00000000cd600000|  0%| F|  |TAMS 0x00000000cd500000, 0x00000000cd500000| Untracked 
| 162|0x00000000cd600000, 0x00000000cd600000, 0x00000000cd700000|  0%| F|  |TAMS 0x00000000cd600000, 0x00000000cd600000| Untracked 
| 163|0x00000000cd700000, 0x00000000cd700000, 0x00000000cd800000|  0%| F|  |TAMS 0x00000000cd700000, 0x00000000cd700000| Untracked 
| 164|0x00000000cd800000, 0x00000000cd800000, 0x00000000cd900000|  0%| F|  |TAMS 0x00000000cd800000, 0x00000000cd800000| Untracked 
| 165|0x00000000cd900000, 0x00000000cd900000, 0x00000000cda00000|  0%| F|  |TAMS 0x00000000cd900000, 0x00000000cd900000| Untracked 
| 166|0x00000000cda00000, 0x00000000cda00000, 0x00000000cdb00000|  0%| F|  |TAMS 0x00000000cda00000, 0x00000000cda00000| Untracked 
| 167|0x00000000cdb00000, 0x00000000cdb00000, 0x00000000cdc00000|  0%| F|  |TAMS 0x00000000cdb00000, 0x00000000cdb00000| Untracked 
| 168|0x00000000cdc00000, 0x00000000cdc00000, 0x00000000cdd00000|  0%| F|  |TAMS 0x00000000cdc00000, 0x00000000cdc00000| Untracked 
| 169|0x00000000cdd00000, 0x00000000cdd00000, 0x00000000cde00000|  0%| F|  |TAMS 0x00000000cdd00000, 0x00000000cdd00000| Untracked 
| 170|0x00000000cde00000, 0x00000000cde00000, 0x00000000cdf00000|  0%| F|  |TAMS 0x00000000cde00000, 0x00000000cde00000| Untracked 
| 171|0x00000000cdf00000, 0x00000000cdf00000, 0x00000000ce000000|  0%| F|  |TAMS 0x00000000cdf00000, 0x00000000cdf00000| Untracked 
| 172|0x00000000ce000000, 0x00000000ce000000, 0x00000000ce100000|  0%| F|  |TAMS 0x00000000ce000000, 0x00000000ce000000| Untracked 
| 173|0x00000000ce100000, 0x00000000ce100000, 0x00000000ce200000|  0%| F|  |TAMS 0x00000000ce100000, 0x00000000ce100000| Untracked 
| 174|0x00000000ce200000, 0x00000000ce200000, 0x00000000ce300000|  0%| F|  |TAMS 0x00000000ce200000, 0x00000000ce200000| Untracked 
| 175|0x00000000ce300000, 0x00000000ce300000, 0x00000000ce400000|  0%| F|  |TAMS 0x00000000ce300000, 0x00000000ce300000| Untracked 
| 176|0x00000000ce400000, 0x00000000ce400000, 0x00000000ce500000|  0%| F|  |TAMS 0x00000000ce400000, 0x00000000ce400000| Untracked 
| 177|0x00000000ce500000, 0x00000000ce500000, 0x00000000ce600000|  0%| F|  |TAMS 0x00000000ce500000, 0x00000000ce500000| Untracked 
| 178|0x00000000ce600000, 0x00000000ce600000, 0x00000000ce700000|  0%| F|  |TAMS 0x00000000ce600000, 0x00000000ce600000| Untracked 
| 179|0x00000000ce700000, 0x00000000ce700000, 0x00000000ce800000|  0%| F|  |TAMS 0x00000000ce700000, 0x00000000ce700000| Untracked 
| 180|0x00000000ce800000, 0x00000000ce800000, 0x00000000ce900000|  0%| F|  |TAMS 0x00000000ce800000, 0x00000000ce800000| Untracked 
| 181|0x00000000ce900000, 0x00000000ce900000, 0x00000000cea00000|  0%| F|  |TAMS 0x00000000ce900000, 0x00000000ce900000| Untracked 
| 182|0x00000000cea00000, 0x00000000cea00000, 0x00000000ceb00000|  0%| F|  |TAMS 0x00000000cea00000, 0x00000000cea00000| Untracked 
| 183|0x00000000ceb00000, 0x00000000ceb00000, 0x00000000cec00000|  0%| F|  |TAMS 0x00000000ceb00000, 0x00000000ceb00000| Untracked 
| 184|0x00000000cec00000, 0x00000000cec00000, 0x00000000ced00000|  0%| F|  |TAMS 0x00000000cec00000, 0x00000000cec00000| Untracked 
| 185|0x00000000ced00000, 0x00000000ced00000, 0x00000000cee00000|  0%| F|  |TAMS 0x00000000ced00000, 0x00000000ced00000| Untracked 
| 186|0x00000000cee00000, 0x00000000cee00000, 0x00000000cef00000|  0%| F|  |TAMS 0x00000000cee00000, 0x00000000cee00000| Untracked 
| 187|0x00000000cef00000, 0x00000000cef00000, 0x00000000cf000000|  0%| F|  |TAMS 0x00000000cef00000, 0x00000000cef00000| Untracked 
| 188|0x00000000cf000000, 0x00000000cf000000, 0x00000000cf100000|  0%| F|  |TAMS 0x00000000cf000000, 0x00000000cf000000| Untracked 
| 189|0x00000000cf100000, 0x00000000cf100000, 0x00000000cf200000|  0%| F|  |TAMS 0x00000000cf100000, 0x00000000cf100000| Untracked 
| 190|0x00000000cf200000, 0x00000000cf200000, 0x00000000cf300000|  0%| F|  |TAMS 0x00000000cf200000, 0x00000000cf200000| Untracked 
| 191|0x00000000cf300000, 0x00000000cf300000, 0x00000000cf400000|  0%| F|  |TAMS 0x00000000cf300000, 0x00000000cf300000| Untracked 
| 192|0x00000000cf400000, 0x00000000cf400000, 0x00000000cf500000|  0%| F|  |TAMS 0x00000000cf400000, 0x00000000cf400000| Untracked 
| 193|0x00000000cf500000, 0x00000000cf500000, 0x00000000cf600000|  0%| F|  |TAMS 0x00000000cf500000, 0x00000000cf500000| Untracked 
| 194|0x00000000cf600000, 0x00000000cf600000, 0x00000000cf700000|  0%| F|  |TAMS 0x00000000cf600000, 0x00000000cf600000| Untracked 
| 195|0x00000000cf700000, 0x00000000cf700000, 0x00000000cf800000|  0%| F|  |TAMS 0x00000000cf700000, 0x00000000cf700000| Untracked 
| 196|0x00000000cf800000, 0x00000000cf900000, 0x00000000cf900000|100%| E|  |TAMS 0x00000000cf800000, 0x00000000cf800000| Complete 
| 197|0x00000000cf900000, 0x00000000cfa00000, 0x00000000cfa00000|100%| E|CS|TAMS 0x00000000cf900000, 0x00000000cf900000| Complete 
| 198|0x00000000cfa00000, 0x00000000cfb00000, 0x00000000cfb00000|100%| E|CS|TAMS 0x00000000cfa00000, 0x00000000cfa00000| Complete 
| 199|0x00000000cfb00000, 0x00000000cfc00000, 0x00000000cfc00000|100%| E|CS|TAMS 0x00000000cfb00000, 0x00000000cfb00000| Complete 
| 200|0x00000000cfc00000, 0x00000000cfd00000, 0x00000000cfd00000|100%| E|CS|TAMS 0x00000000cfc00000, 0x00000000cfc00000| Complete 
| 201|0x00000000cfd00000, 0x00000000cfe00000, 0x00000000cfe00000|100%| E|CS|TAMS 0x00000000cfd00000, 0x00000000cfd00000| Complete 
| 202|0x00000000cfe00000, 0x00000000cff00000, 0x00000000cff00000|100%| E|CS|TAMS 0x00000000cfe00000, 0x00000000cfe00000| Complete 
| 203|0x00000000cff00000, 0x00000000d0000000, 0x00000000d0000000|100%| E|CS|TAMS 0x00000000cff00000, 0x00000000cff00000| Complete 
| 204|0x00000000d0000000, 0x00000000d0100000, 0x00000000d0100000|100%| E|CS|TAMS 0x00000000d0000000, 0x00000000d0000000| Complete 
| 205|0x00000000d0100000, 0x00000000d0200000, 0x00000000d0200000|100%| E|CS|TAMS 0x00000000d0100000, 0x00000000d0100000| Complete 
| 206|0x00000000d0200000, 0x00000000d0300000, 0x00000000d0300000|100%| E|CS|TAMS 0x00000000d0200000, 0x00000000d0200000| Complete 
| 207|0x00000000d0300000, 0x00000000d0400000, 0x00000000d0400000|100%| E|CS|TAMS 0x00000000d0300000, 0x00000000d0300000| Complete 
| 208|0x00000000d0400000, 0x00000000d0500000, 0x00000000d0500000|100%| E|CS|TAMS 0x00000000d0400000, 0x00000000d0400000| Complete 
| 209|0x00000000d0500000, 0x00000000d0600000, 0x00000000d0600000|100%| E|CS|TAMS 0x00000000d0500000, 0x00000000d0500000| Complete 
| 210|0x00000000d0600000, 0x00000000d0700000, 0x00000000d0700000|100%| E|CS|TAMS 0x00000000d0600000, 0x00000000d0600000| Complete 
| 211|0x00000000d0700000, 0x00000000d0800000, 0x00000000d0800000|100%| E|CS|TAMS 0x00000000d0700000, 0x00000000d0700000| Complete 
| 212|0x00000000d0800000, 0x00000000d0900000, 0x00000000d0900000|100%| E|CS|TAMS 0x00000000d0800000, 0x00000000d0800000| Complete 
| 213|0x00000000d0900000, 0x00000000d0a00000, 0x00000000d0a00000|100%| E|CS|TAMS 0x00000000d0900000, 0x00000000d0900000| Complete 
| 214|0x00000000d0a00000, 0x00000000d0b00000, 0x00000000d0b00000|100%| E|CS|TAMS 0x00000000d0a00000, 0x00000000d0a00000| Complete 

Card table byte_map: [0x0000023e33750000,0x0000023e33940000] _byte_map_base: 0x0000023e33136000

Marking Bits (Prev, Next): (CMBitMap*) 0x0000023e1be2ed78, (CMBitMap*) 0x0000023e1be2edb0
 Prev Bits: [0x0000023e33b30000, 0x0000023e34a60000)
 Next Bits: [0x0000023e34a60000, 0x0000023e35990000)

Polling page: 0x0000023e19d60000

Metaspace:

Usage:
  Non-class:     82.51 MB capacity,    81.99 MB (>99%) used,   373.60 KB ( <1%) free+waste,   152.50 KB ( <1%) overhead. 
      Class:      9.75 MB capacity,     9.37 MB ( 96%) used,   326.57 KB (  3%) free+waste,    60.75 KB ( <1%) overhead. 
       Both:     92.26 MB capacity,    91.36 MB (>99%) used,   700.17 KB ( <1%) free+waste,   213.25 KB ( <1%) overhead. 

Virtual space:
  Non-class space:       84.00 MB reserved,      82.71 MB ( 98%) committed 
      Class space:        1.00 GB reserved,       9.87 MB ( <1%) committed 
             Both:        1.08 GB reserved,      92.58 MB (  8%) committed 

Chunk freelists:
   Non-Class:  14.00 KB
       Class:  31.00 KB
        Both:  45.00 KB

MaxMetaspaceSize: 17179869184.00 GB
CompressedClassSpaceSize: 1.00 GB
Initial GC threshold: 20.80 MB
Current GC threshold: 153.46 MB
CDS: off

CodeHeap 'non-profiled nmethods': size=120064Kb used=8026Kb max_used=8026Kb free=112037Kb
 bounds [0x0000023e2c020000, 0x0000023e2c800000, 0x0000023e33560000]
CodeHeap 'profiled nmethods': size=120000Kb used=51958Kb max_used=51958Kb free=68041Kb
 bounds [0x0000023e24af0000, 0x0000023e27db0000, 0x0000023e2c020000]
CodeHeap 'non-nmethods': size=5696Kb used=1393Kb max_used=1431Kb free=4302Kb
 bounds [0x0000023e24560000, 0x0000023e247d0000, 0x0000023e24af0000]
 total_blobs=19208 nmethods=18510 adapters=605
 compilation: enabled
              stopped_count=0, restarted_count=0
 full_count=0

Compilation events (20 events):
Event: 61.609 Thread 0x0000023e3864c800 nmethod 19914 0x0000023e27d7b490 code [0x0000023e27d7b6c0, 0x0000023e27d7bb78]
Event: 61.609 Thread 0x0000023e3864c800 19915       2       org.jetbrains.kotlin.ir.descriptors.IrBasedClassDescriptor::access$collectTypeParameters (5 bytes)
Event: 61.610 Thread 0x0000023e3864c800 nmethod 19915 0x0000023e27d7be90 code [0x0000023e27d7c160, 0x0000023e27d7c9b8]
Event: 61.610 Thread 0x0000023e3864c800 19916       2       org.jetbrains.kotlin.ir.descriptors.IrBasedClassDescriptor::collectTypeParameters (23 bytes)
Event: 61.611 Thread 0x0000023e3864c800 nmethod 19916 0x0000023e27d7ce90 code [0x0000023e27d7d120, 0x0000023e27d7d898]
Event: 61.611 Thread 0x0000023e3864c800 19917       1       org.jetbrains.kotlin.ir.expressions.impl.IrReturnImpl::getStartOffset (5 bytes)
Event: 61.612 Thread 0x0000023e3864c800 nmethod 19917 0x0000023e2c7f6710 code [0x0000023e2c7f68c0, 0x0000023e2c7f6978]
Event: 61.616 Thread 0x0000023e3864c800 19918       2       org.jetbrains.kotlin.codegen.inline.SourceMapCopier::<init> (43 bytes)
Event: 61.617 Thread 0x0000023e3864c800 nmethod 19918 0x0000023e27d7dc90 code [0x0000023e27d7df00, 0x0000023e27d7e5c8]
Event: 61.617 Thread 0x0000023e3864c800 19919       2       org.jetbrains.kotlin.codegen.optimization.fixStack.AnalyzeTryCatchBlocksKt::insertTryCatchBlocksMarkers (52 bytes)
Event: 61.617 Thread 0x0000023e3864c800 nmethod 19919 0x0000023e27d7e910 code [0x0000023e27d7eb40, 0x0000023e27d7eef8]
Event: 61.618 Thread 0x0000023e3864c800 19920       2       org.jetbrains.kotlin.codegen.inline.FileMapping::mapNewInterval$default (21 bytes)
Event: 61.618 Thread 0x0000023e3864c800 nmethod 19920 0x0000023e27d7f190 code [0x0000023e27d7f360, 0x0000023e27d7f538]
Event: 61.618 Thread 0x0000023e3864c800 19921       2       org.jetbrains.kotlin.backend.jvm.ir.JvmIrUtilsKt::suspendFunctionOriginal (61 bytes)
Event: 61.619 Thread 0x0000023e3864c800 nmethod 19921 0x0000023e27d7f690 code [0x0000023e27d7f920, 0x0000023e27d7ff98]
Event: 61.619 Thread 0x0000023e3864c800 19922       2       org.jetbrains.kotlin.com.intellij.psi.impl.source.tree.LeafPsiElement::getParent (5 bytes)
Event: 61.619 Thread 0x0000023e3864c800 nmethod 19922 0x0000023e27d80310 code [0x0000023e27d804c0, 0x0000023e27d80608]
Event: 61.621 Thread 0x0000023e3864c800 19923       2       org.jetbrains.org.objectweb.asm.MethodWriter::visitAnnotableParameterCount (18 bytes)
Event: 61.621 Thread 0x0000023e3864c800 nmethod 19923 0x0000023e27d80710 code [0x0000023e27d808c0, 0x0000023e27d809d8]
Event: 61.624 Thread 0x0000023e3864c800 19924       2       org.jetbrains.kotlin.backend.jvm.codegen.IrCodegenUtilsKt::specialCaseVisibility (499 bytes)

GC Heap History (20 events):
Event: 55.297 GC heap before
{Heap before GC invocations=70 (full 0):
 garbage-first heap   total 155648K, used 130207K [0x00000000c3400000, 0x0000000100000000)
  region size 1024K, 19 young (19456K), 1 survivors (1024K)
 Metaspace       used 86802K, capacity 87726K, committed 87888K, reserved 1128448K
  class space    used 9165K, capacity 9530K, committed 9596K, reserved 1048576K
}
Event: 55.304 GC heap after
{Heap after GC invocations=71 (full 0):
 garbage-first heap   total 155648K, used 112117K [0x00000000c3400000, 0x0000000100000000)
  region size 1024K, 1 young (1024K), 1 survivors (1024K)
 Metaspace       used 86802K, capacity 87726K, committed 87888K, reserved 1128448K
  class space    used 9165K, capacity 9530K, committed 9596K, reserved 1048576K
}
Event: 55.761 GC heap before
{Heap before GC invocations=72 (full 0):
 garbage-first heap   total 155648K, used 130549K [0x00000000c3400000, 0x0000000100000000)
  region size 1024K, 19 young (19456K), 1 survivors (1024K)
 Metaspace       used 87007K, capacity 87950K, committed 88144K, reserved 1128448K
  class space    used 9177K, capacity 9562K, committed 9596K, reserved 1048576K
}
Event: 55.775 GC heap after
{Heap after GC invocations=73 (full 0):
 garbage-first heap   total 155648K, used 113103K [0x00000000c3400000, 0x0000000100000000)
  region size 1024K, 2 young (2048K), 2 survivors (2048K)
 Metaspace       used 87007K, capacity 87950K, committed 88144K, reserved 1128448K
  class space    used 9177K, capacity 9562K, committed 9596K, reserved 1048576K
}
Event: 55.865 GC heap before
{Heap before GC invocations=73 (full 0):
 garbage-first heap   total 155648K, used 118223K [0x00000000c3400000, 0x0000000100000000)
  region size 1024K, 7 young (7168K), 2 survivors (2048K)
 Metaspace       used 87019K, capacity 88014K, committed 88144K, reserved 1128448K
  class space    used 9177K, capacity 9562K, committed 9596K, reserved 1048576K
}
Event: 55.883 GC heap after
{Heap after GC invocations=74 (full 0):
 garbage-first heap   total 155648K, used 112755K [0x00000000c3400000, 0x0000000100000000)
  region size 1024K, 1 young (1024K), 1 survivors (1024K)
 Metaspace       used 87019K, capacity 88014K, committed 88144K, reserved 1128448K
  class space    used 9177K, capacity 9562K, committed 9596K, reserved 1048576K
}
Event: 56.329 GC heap before
{Heap before GC invocations=74 (full 0):
 garbage-first heap   total 155648K, used 131187K [0x00000000c3400000, 0x0000000100000000)
  region size 1024K, 19 young (19456K), 1 survivors (1024K)
 Metaspace       used 87231K, capacity 88143K, committed 88400K, reserved 1128448K
  class space    used 9196K, capacity 9562K, committed 9596K, reserved 1048576K
}
Event: 56.337 GC heap after
{Heap after GC invocations=75 (full 0):
 garbage-first heap   total 187392K, used 112963K [0x00000000c3400000, 0x0000000100000000)
  region size 1024K, 1 young (1024K), 1 survivors (1024K)
 Metaspace       used 87231K, capacity 88143K, committed 88400K, reserved 1128448K
  class space    used 9196K, capacity 9562K, committed 9596K, reserved 1048576K
}
Event: 56.959 GC heap before
{Heap before GC invocations=75 (full 0):
 garbage-first heap   total 187392K, used 144707K [0x00000000c3400000, 0x0000000100000000)
  region size 1024K, 32 young (32768K), 1 survivors (1024K)
 Metaspace       used 87474K, capacity 88399K, committed 88656K, reserved 1128448K
  class space    used 9200K, capacity 9562K, committed 9596K, reserved 1048576K
}
Event: 56.972 GC heap after
{Heap after GC invocations=76 (full 0):
 garbage-first heap   total 187392K, used 113791K [0x00000000c3400000, 0x0000000100000000)
  region size 1024K, 2 young (2048K), 2 survivors (2048K)
 Metaspace       used 87474K, capacity 88399K, committed 88656K, reserved 1128448K
  class space    used 9200K, capacity 9562K, committed 9596K, reserved 1048576K
}
Event: 57.367 GC heap before
{Heap before GC invocations=77 (full 0):
 garbage-first heap   total 187392K, used 147583K [0x00000000c3400000, 0x0000000100000000)
  region size 1024K, 35 young (35840K), 2 survivors (2048K)
 Metaspace       used 87645K, capacity 88592K, committed 88656K, reserved 1128448K
  class space    used 9202K, capacity 9562K, committed 9596K, reserved 1048576K
}
Event: 57.381 GC heap after
{Heap after GC invocations=78 (full 0):
 garbage-first heap   total 187392K, used 114510K [0x00000000c3400000, 0x0000000100000000)
  region size 1024K, 2 young (2048K), 2 survivors (2048K)
 Metaspace       used 87645K, capacity 88592K, committed 88656K, reserved 1128448K
  class space    used 9202K, capacity 9562K, committed 9596K, reserved 1048576K
}
Event: 57.924 GC heap before
{Heap before GC invocations=78 (full 0):
 garbage-first heap   total 187392K, used 149326K [0x00000000c3400000, 0x0000000100000000)
  region size 1024K, 36 young (36864K), 2 survivors (2048K)
 Metaspace       used 87919K, capacity 88883K, committed 89040K, reserved 1128448K
  class space    used 9214K, capacity 9595K, committed 9724K, reserved 1048576K
}
Event: 57.943 GC heap after
{Heap after GC invocations=79 (full 0):
 garbage-first heap   total 187392K, used 115438K [0x00000000c3400000, 0x0000000100000000)
  region size 1024K, 3 young (3072K), 3 survivors (3072K)
 Metaspace       used 87919K, capacity 88883K, committed 89040K, reserved 1128448K
  class space    used 9214K, capacity 9595K, committed 9724K, reserved 1048576K
}
Event: 58.774 GC heap before
{Heap before GC invocations=80 (full 0):
 garbage-first heap   total 187392K, used 151278K [0x00000000c3400000, 0x0000000100000000)
  region size 1024K, 38 young (38912K), 3 survivors (3072K)
 Metaspace       used 90060K, capacity 90971K, committed 91216K, reserved 1130496K
  class space    used 9397K, capacity 9758K, committed 9852K, reserved 1048576K
}
Event: 58.795 GC heap after
{Heap after GC invocations=81 (full 0):
 garbage-first heap   total 187392K, used 116109K [0x00000000c3400000, 0x0000000100000000)
  region size 1024K, 4 young (4096K), 4 survivors (4096K)
 Metaspace       used 90060K, capacity 90971K, committed 91216K, reserved 1130496K
  class space    used 9397K, capacity 9758K, committed 9852K, reserved 1048576K
}
Event: 60.150 GC heap before
{Heap before GC invocations=81 (full 0):
 garbage-first heap   total 187392K, used 151949K [0x00000000c3400000, 0x0000000100000000)
  region size 1024K, 39 young (39936K), 4 survivors (4096K)
 Metaspace       used 92704K, capacity 93671K, committed 94032K, reserved 1132544K
  class space    used 9577K, capacity 9953K, committed 10108K, reserved 1048576K
}
Event: 60.169 GC heap after
{Heap after GC invocations=82 (full 0):
 garbage-first heap   total 187392K, used 118436K [0x00000000c3400000, 0x0000000100000000)
  region size 1024K, 5 young (5120K), 5 survivors (5120K)
 Metaspace       used 92704K, capacity 93671K, committed 94032K, reserved 1132544K
  class space    used 9577K, capacity 9953K, committed 10108K, reserved 1048576K
}
Event: 61.370 GC heap before
{Heap before GC invocations=83 (full 0):
 garbage-first heap   total 187392K, used 154276K [0x00000000c3400000, 0x0000000100000000)
  region size 1024K, 40 young (40960K), 5 survivors (5120K)
 Metaspace       used 93346K, capacity 94247K, committed 94544K, reserved 1134592K
  class space    used 9594K, capacity 9953K, committed 10108K, reserved 1048576K
}
Event: 61.398 GC heap after
{Heap after GC invocations=84 (full 0):
 garbage-first heap   total 220160K, used 120448K [0x00000000c3400000, 0x0000000100000000)
  region size 1024K, 5 young (5120K), 5 survivors (5120K)
 Metaspace       used 93346K, capacity 94247K, committed 94544K, reserved 1134592K
  class space    used 9594K, capacity 9953K, committed 10108K, reserved 1048576K
}

Deoptimization events (20 events):
Event: 61.056 Thread 0x0000023e1bdfe800 DEOPT PACKING pc=0x0000023e27aacc58 sp=0x000000e13c5fbbe0
Event: 61.056 Thread 0x0000023e1bdfe800 DEOPT UNPACKING pc=0x0000023e245aa93f sp=0x000000e13c5fb148 mode 0
Event: 61.181 Thread 0x0000023e1bdfe800 Uncommon trap: trap_request=0xffffffde fr.pc=0x0000023e2c640544 relative=0x0000000000000084
Event: 61.181 Thread 0x0000023e1bdfe800 Uncommon trap: reason=class_check action=maybe_recompile pc=0x0000023e2c640544 method=org.jetbrains.kotlin.ir.symbols.impl.IrSymbolBase.getDescriptor()Lorg/jetbrains/kotlin/descriptors/DeclarationDescriptor; @ 10 c2
Event: 61.181 Thread 0x0000023e1bdfe800 DEOPT PACKING pc=0x0000023e2c640544 sp=0x000000e13c5fdd10
Event: 61.181 Thread 0x0000023e1bdfe800 DEOPT UNPACKING pc=0x0000023e245aa1a9 sp=0x000000e13c5fdca0 mode 2
Event: 61.185 Thread 0x0000023e1bdfe800 Uncommon trap: trap_request=0xffffffde fr.pc=0x0000023e2c79dca4 relative=0x00000000000044c4
Event: 61.185 Thread 0x0000023e1bdfe800 Uncommon trap: reason=class_check action=maybe_recompile pc=0x0000023e2c79dca4 method=org.jetbrains.kotlin.codegen.signature.JvmSignatureWriter.writeAsmType(Lorg/jetbrains/org/objectweb/asm/Type;)V @ 51 c2
Event: 61.185 Thread 0x0000023e1bdfe800 DEOPT PACKING pc=0x0000023e2c79dca4 sp=0x000000e13c5fddf0
Event: 61.185 Thread 0x0000023e1bdfe800 DEOPT UNPACKING pc=0x0000023e245aa1a9 sp=0x000000e13c5fde10 mode 2
Event: 61.270 Thread 0x0000023e1bdfe800 DEOPT PACKING pc=0x0000023e27a8801b sp=0x000000e13c5fd8a0
Event: 61.270 Thread 0x0000023e1bdfe800 DEOPT UNPACKING pc=0x0000023e245aa93f sp=0x000000e13c5fce38 mode 0
Event: 61.289 Thread 0x0000023e1bdfe800 DEOPT PACKING pc=0x0000023e27aa6fcd sp=0x000000e13c5fd970
Event: 61.289 Thread 0x0000023e1bdfe800 DEOPT UNPACKING pc=0x0000023e245aa93f sp=0x000000e13c5fcdf8 mode 0
Event: 61.313 Thread 0x0000023e1bdfe800 Uncommon trap: trap_request=0xffffff4d fr.pc=0x0000023e2c6cf648 relative=0x00000000000017e8
Event: 61.313 Thread 0x0000023e1bdfe800 Uncommon trap: reason=unstable_if action=reinterpret pc=0x0000023e2c6cf648 method=java.util.concurrent.ConcurrentHashMap.computeIfAbsent(Ljava/lang/Object;Ljava/util/function/Function;)Ljava/lang/Object; @ 552 c2
Event: 61.313 Thread 0x0000023e1bdfe800 DEOPT PACKING pc=0x0000023e2c6cf648 sp=0x000000e13c5fdb30
Event: 61.313 Thread 0x0000023e1bdfe800 DEOPT UNPACKING pc=0x0000023e245aa1a9 sp=0x000000e13c5fdae0 mode 2
Event: 61.561 Thread 0x0000023e1bdfe800 DEOPT PACKING pc=0x0000023e27b0ebab sp=0x000000e13c5fc140
Event: 61.561 Thread 0x0000023e1bdfe800 DEOPT UNPACKING pc=0x0000023e245aa93f sp=0x000000e13c5fb660 mode 0

Classes redefined (0 events):
No events

Internal exceptions (20 events):
Event: 29.687 Thread 0x0000023e1bdfe800 Implicit null exception at 0x0000023e2c287b49 to 0x0000023e2c289f38
Event: 29.687 Thread 0x0000023e1bdfe800 Implicit null exception at 0x0000023e2c287b49 to 0x0000023e2c289f38
Event: 29.687 Thread 0x0000023e1bdfe800 Implicit null exception at 0x0000023e2c22055f to 0x0000023e2c22529c
Event: 29.718 Thread 0x0000023e1bdfe800 Implicit null exception at 0x0000023e2c22a504 to 0x0000023e2c22ae7c
Event: 30.190 Thread 0x0000023e1bdfe800 Implicit null exception at 0x0000023e2c07bf5e to 0x0000023e2c07c6ca
Event: 30.543 Thread 0x0000023e1bdfe800 Exception <a 'java/lang/NoSuchMethodError'{0x00000000cb109980}: 'java.lang.Object java.lang.invoke.Invokers$Holder.linkToTargetMethod(java.lang.Object, java.lang.Object, java.lang.Object, java.lang.Object, java.lang.Object, java.lang.Object, java.lang.Object)'> (0x00000000cb109980) thrown at [./src/hotspot/share/interpreter/linkResolver.cpp, line 773]
Event: 31.003 Thread 0x0000023e1bdfe800 Exception <a 'java/lang/NoSuchMethodError'{0x00000000ca8409d0}: 'java.lang.Object java.lang.invoke.Invokers$Holder.linkToTargetMethod(java.lang.Object, java.lang.Object, java.lang.Object, int, int, java.lang.Object)'> (0x00000000ca8409d0) thrown at [./src/hotspot/share/interpreter/linkResolver.cpp, line 773]
Event: 31.601 Thread 0x0000023e1bdfe800 Implicit null exception at 0x0000023e2c0781f5 to 0x0000023e2c0783bc
Event: 31.676 Thread 0x0000023e1bdfe800 Exception <a 'java/lang/NoSuchMethodError'{0x00000000c9f20140}: 'int java.lang.invoke.DirectMethodHandle$Holder.invokeStaticInit(java.lang.Object, int)'> (0x00000000c9f20140) thrown at [./src/hotspot/share/interpreter/linkResolver.cpp, line 773]
Event: 31.731 Thread 0x0000023e1bdfe800 Exception <a 'java/lang/NoSuchMethodError'{0x00000000c9e0fe58}: 'java.lang.Object java.lang.invoke.DirectMethodHandle$Holder.invokeInterface(java.lang.Object, java.lang.Object, java.lang.Object)'> (0x00000000c9e0fe58) thrown at [./src/hotspot/share/interpreter/linkResolver.cpp, line 773]
Event: 31.732 Thread 0x0000023e1bdfe800 Exception <a 'java/lang/IncompatibleClassChangeError'{0x00000000c9e13088}: Found class java.lang.Object, but interface was expected> (0x00000000c9e13088) thrown at [./src/hotspot/share/interpreter/linkResolver.cpp, line 839]
Event: 31.826 Thread 0x0000023e1bdfe800 Implicit null exception at 0x0000023e2c39020f to 0x0000023e2c391db0
Event: 32.694 Thread 0x0000023e1bdfe800 Implicit null exception at 0x0000023e2c03dbf7 to 0x0000023e2c03e168
Event: 32.718 Thread 0x0000023e1bdfe800 Implicit null exception at 0x0000023e2c03c174 to 0x0000023e2c03c6b8
Event: 34.545 Thread 0x0000023e1bdfe800 Implicit null exception at 0x0000023e2c3f957c to 0x0000023e2c3fc8a4
Event: 34.767 Thread 0x0000023e1bdfe800 Implicit null exception at 0x0000023e2c31d45c to 0x0000023e2c31ebf0
Event: 35.332 Thread 0x0000023e1bdfe800 Implicit null exception at 0x0000023e2c2dde79 to 0x0000023e2c2de138
Event: 45.017 Thread 0x0000023e1bdfe800 Exception <a 'java/lang/NoSuchMethodError'{0x00000000cb752990}: 'java.lang.Object java.lang.invoke.DirectMethodHandle$Holder.invokeStaticInit(java.lang.Object, java.lang.Object, java.lang.Object, java.lang.Object)'> (0x00000000cb752990) thrown at [./src/hotspot/share/interpreter/linkResolver.cpp, line 773]
Event: 45.869 Thread 0x0000023e1bdfe800 Exception <a 'java/lang/NoSuchMethodError'{0x00000000cacab188}: 'int java.lang.invoke.DirectMethodHandle$Holder.invokeStaticInit(java.lang.Object, java.lang.Object, java.lang.Object, java.lang.Object)'> (0x00000000cacab188) thrown at [./src/hotspot/share/interpreter/linkResolver.cpp, line 773]
Event: 47.281 Thread 0x0000023e1bdfe800 Implicit null exception at 0x0000023e2c0867f4 to 0x0000023e2c086a0c

Events (20 events):
Event: 60.991 loading class org/jetbrains/kotlin/codegen/optimization/CapturedVarsOptimizationMethodTransformer$Transformer$findCleanInstructions$2
Event: 60.991 loading class org/jetbrains/kotlin/codegen/optimization/CapturedVarsOptimizationMethodTransformer$Transformer$findCleanInstructions$2 done
Event: 60.992 loading class org/jetbrains/kotlin/codegen/optimization/CapturedVarsOptimizationMethodTransformer$Transformer$findCleanInstructions$3
Event: 60.992 loading class org/jetbrains/kotlin/codegen/optimization/CapturedVarsOptimizationMethodTransformer$Transformer$findCleanInstructions$3 done
Event: 61.040 Executing VM operation: CGC_Operation
Event: 61.040 Executing VM operation: CGC_Operation done
Event: 61.228 loading class org/jetbrains/kotlin/codegen/optimization/boxing/StackPeepholeOptimizationsTransformer$transformOnce$3
Event: 61.228 loading class org/jetbrains/kotlin/codegen/optimization/boxing/StackPeepholeOptimizationsTransformer$transformOnce$3 done
Event: 61.370 Executing VM operation: G1CollectForAllocation
Event: 61.398 Executing VM operation: G1CollectForAllocation done
Event: 61.488 loading class org/jetbrains/kotlin/serialization/AnnotationSerializer
Event: 61.488 loading class org/jetbrains/kotlin/serialization/AnnotationSerializer done
Event: 61.489 loading class org/jetbrains/kotlin/metadata/ProtoBuf$Annotation$Argument$Builder
Event: 61.489 loading class org/jetbrains/kotlin/metadata/ProtoBuf$Annotation$Argument$Builder done
Event: 61.507 loading class org/jetbrains/kotlin/serialization/AnnotationSerializer$valueProto$1$1
Event: 61.507 loading class org/jetbrains/kotlin/serialization/AnnotationSerializer$valueProto$1$1 done
Event: 61.508 loading class org/jetbrains/kotlin/descriptors/annotations/AnnotationArgumentVisitor
Event: 61.508 loading class org/jetbrains/kotlin/descriptors/annotations/AnnotationArgumentVisitor done
Event: 61.568 loading class org/jetbrains/kotlin/backend/jvm/intrinsics/IntegerZeroComparison
Event: 61.568 loading class org/jetbrains/kotlin/backend/jvm/intrinsics/IntegerZeroComparison done


Dynamic libraries:
0x00007ff773b40000 - 0x00007ff773b4d000 	C:\Program Files\Eclipse Adoptium\jdk-11.0.16.101-hotspot\bin\java.exe
0x00007ffe52750000 - 0x00007ffe52945000 	C:\WINDOWS\SYSTEM32\ntdll.dll
0x00007ffe50eb0000 - 0x00007ffe50f6d000 	C:\WINDOWS\System32\KERNEL32.DLL
0x00007ffe500f0000 - 0x00007ffe503bd000 	C:\WINDOWS\System32\KERNELBASE.dll
0x00007ffe503c0000 - 0x00007ffe504c0000 	C:\WINDOWS\System32\ucrtbase.dll
0x00007ffe40850000 - 0x00007ffe40867000 	C:\Program Files\Eclipse Adoptium\jdk-11.0.16.101-hotspot\bin\jli.dll
0x00007ffe514c0000 - 0x00007ffe51660000 	C:\WINDOWS\System32\USER32.dll
0x00007ffe506b0000 - 0x00007ffe506d2000 	C:\WINDOWS\System32\win32u.dll
0x00007ffe3e160000 - 0x00007ffe3e175000 	C:\Program Files\Eclipse Adoptium\jdk-11.0.16.101-hotspot\bin\VCRUNTIME140.dll
0x00007ffe51700000 - 0x00007ffe5172a000 	C:\WINDOWS\System32\GDI32.dll
0x00007ffe4ffe0000 - 0x00007ffe500eb000 	C:\WINDOWS\System32\gdi32full.dll
0x00007ffe3f930000 - 0x00007ffe3fbca000 	C:\WINDOWS\WinSxS\amd64_microsoft.windows.common-controls_6595b64144ccf1df_6.0.19041.1110_none_60b5254171f9507e\COMCTL32.dll
0x00007ffe506e0000 - 0x00007ffe5077d000 	C:\WINDOWS\System32\msvcp_win.dll
0x00007ffe51660000 - 0x00007ffe516fe000 	C:\WINDOWS\System32\msvcrt.dll
0x00007ffe50e80000 - 0x00007ffe50eb0000 	C:\WINDOWS\System32\IMM32.DLL
0x00007ffe3b370000 - 0x00007ffe3b40b000 	C:\Program Files\Eclipse Adoptium\jdk-11.0.16.101-hotspot\bin\msvcp140.dll
0x00007ffdfb230000 - 0x00007ffdfbdb2000 	C:\Program Files\Eclipse Adoptium\jdk-11.0.16.101-hotspot\bin\server\jvm.dll
0x00007ffe51950000 - 0x00007ffe519fe000 	C:\WINDOWS\System32\ADVAPI32.dll
0x00007ffe50c20000 - 0x00007ffe50cbc000 	C:\WINDOWS\System32\sechost.dll
0x00007ffe512d0000 - 0x00007ffe513f5000 	C:\WINDOWS\System32\RPCRT4.dll
0x00007ffe50e70000 - 0x00007ffe50e78000 	C:\WINDOWS\System32\PSAPI.DLL
0x00007ffe3f5c0000 - 0x00007ffe3f5e7000 	C:\WINDOWS\SYSTEM32\WINMM.dll
0x00007ffe456e0000 - 0x00007ffe456e9000 	C:\WINDOWS\SYSTEM32\WSOCK32.dll
0x00007ffe51ea0000 - 0x00007ffe51f0b000 	C:\WINDOWS\System32\WS2_32.dll
0x00007ffe4d950000 - 0x00007ffe4d95a000 	C:\WINDOWS\SYSTEM32\VERSION.dll
0x00007ffe4ddc0000 - 0x00007ffe4ddd2000 	C:\WINDOWS\SYSTEM32\kernel.appcore.dll
0x00007ffe456a0000 - 0x00007ffe456b0000 	C:\Program Files\Eclipse Adoptium\jdk-11.0.16.101-hotspot\bin\verify.dll
0x00007ffe404a0000 - 0x00007ffe40684000 	C:\WINDOWS\SYSTEM32\DBGHELP.DLL
0x00007ffe40470000 - 0x00007ffe4049c000 	C:\WINDOWS\SYSTEM32\dbgcore.DLL
0x00007ffe50620000 - 0x00007ffe506a2000 	C:\WINDOWS\System32\bcryptPrimitives.dll
0x00007ffe3b340000 - 0x00007ffe3b368000 	C:\Program Files\Eclipse Adoptium\jdk-11.0.16.101-hotspot\bin\java.dll
0x00007ffe42d80000 - 0x00007ffe42d8a000 	C:\Program Files\Eclipse Adoptium\jdk-11.0.16.101-hotspot\bin\jimage.dll
0x00007ffe3d650000 - 0x00007ffe3d668000 	C:\Program Files\Eclipse Adoptium\jdk-11.0.16.101-hotspot\bin\zip.dll
0x00007ffe51fc0000 - 0x00007ffe52704000 	C:\WINDOWS\System32\SHELL32.dll
0x00007ffe4dfc0000 - 0x00007ffe4e754000 	C:\WINDOWS\SYSTEM32\windows.storage.dll
0x00007ffe50f70000 - 0x00007ffe512c4000 	C:\WINDOWS\System32\combase.dll
0x00007ffe4f850000 - 0x00007ffe4f87c000 	C:\WINDOWS\SYSTEM32\Wldp.dll
0x00007ffe50a80000 - 0x00007ffe50b2d000 	C:\WINDOWS\System32\SHCORE.dll
0x00007ffe51400000 - 0x00007ffe51455000 	C:\WINDOWS\System32\shlwapi.dll
0x00007ffe4fe00000 - 0x00007ffe4fe1f000 	C:\WINDOWS\SYSTEM32\profapi.dll
0x00007ffe3af80000 - 0x00007ffe3af99000 	C:\Program Files\Eclipse Adoptium\jdk-11.0.16.101-hotspot\bin\net.dll
0x00007ffe48360000 - 0x00007ffe4846a000 	C:\WINDOWS\SYSTEM32\WINHTTP.dll
0x00007ffe4f5b0000 - 0x00007ffe4f61a000 	C:\WINDOWS\system32\mswsock.dll
0x00007ffe394a0000 - 0x00007ffe394b3000 	C:\Program Files\Eclipse Adoptium\jdk-11.0.16.101-hotspot\bin\nio.dll

dbghelp: loaded successfully - version: 4.0.5 - missing functions: none
symbol engine: initialized successfully - sym options: 0x614 - pdb path: .;C:\Program Files\Eclipse Adoptium\jdk-11.0.16.101-hotspot\bin;C:\WINDOWS\SYSTEM32;C:\WINDOWS\WinSxS\amd64_microsoft.windows.common-controls_6595b64144ccf1df_6.0.19041.1110_none_60b5254171f9507e;C:\Program Files\Eclipse Adoptium\jdk-11.0.16.101-hotspot\bin\server

VM Arguments:
java_command: org.jetbrains.kotlin.cli.jvm.K2JVMCompiler @D:\etsangatsanganavinamaster\node_modules\react-native-screens\android\build\20221115_9228487661253585911.compiler.options
java_class_path (initial): C:\Users\Admin\.gradle\caches\modules-2\files-2.1\org.jetbrains.kotlin\kotlin-compiler-embeddable\1.6.21\97bdd5a752ce73b58ef16c17bc7f0ea2faff7a2e\kotlin-compiler-embeddable-1.6.21.jar;C:\Users\Admin\.gradle\caches\modules-2\files-2.1\org.jetbrains.kotlin\kotlin-reflect\1.6.21\5dc3574d9b7bebfcb4ec6b10ada4aaa9e140bd0b\kotlin-reflect-1.6.21.jar;C:\Users\Admin\.gradle\caches\modules-2\files-2.1\org.jetbrains.kotlin\kotlin-stdlib\1.6.21\11ef67f1900634fd951bad28c53ec957fabbe5b8\kotlin-stdlib-1.6.21.jar;C:\Users\Admin\.gradle\caches\modules-2\files-2.1\org.jetbrains.kotlin\kotlin-script-runtime\1.6.21\99c6675100da5d6d5b1c5a1032f27f28008d101b\kotlin-script-runtime-1.6.21.jar;C:\Users\Admin\.gradle\caches\modules-2\files-2.1\org.jetbrains.kotlin\kotlin-daemon-embeddable\1.6.21\46b78cf392e1c4f10854c3cadba44abb7b82250f\kotlin-daemon-embeddable-1.6.21.jar;C:\Users\Admin\.gradle\caches\modules-2\files-2.1\org.jetbrains.intellij.deps\trove4j\1.0.20200330\3afb14d5f9ceb459d724e907a21145e8ff394f02\trove4j-1.0.20200330.jar;C:\Users\Admin\.gradle\caches\modules-2\files-2.1\net.java.dev.jna\jna\5.6.0\330f2244e9030119ab3030fc3fededc86713d9cc\jna-5.6.0.jar;C:\Users\Admin\.gradle\caches\modules-2\files-2.1\org.jetbrains.kotlin\kotlin-stdlib-common\1.6.21\5e5b55c26dbc80372a920aef60eb774b714559b8\kotlin-stdlib-common-1.6.21.jar;C:\Users\Admin\.gradle\caches\modules-2\files-2.1\org.jetbrains\annotations\13.0\919f0dfe192fb4e063e7dacadee7f8bb9a2672a9\annotations-13.0.jar
Launcher Type: SUN_STANDARD

[Global flags]
     intx CICompilerCount                          = 3                                         {product} {ergonomic}
     uint ConcGCThreads                            = 1                                         {product} {ergonomic}
     uint G1ConcRefinementThreads                  = 4                                         {product} {ergonomic}
   size_t G1HeapRegionSize                         = 1048576                                   {product} {ergonomic}
    uintx GCDrainStackTargetSize                   = 64                                        {product} {ergonomic}
   size_t InitialHeapSize                          = 65011712                                  {product} {ergonomic}
   size_t MarkStackSize                            = 4194304                                   {product} {ergonomic}
   size_t MaxHeapSize                              = 1019215872                                {product} {ergonomic}
   size_t MaxNewSize                               = 611319808                                 {product} {ergonomic}
   size_t MinHeapDeltaBytes                        = 1048576                                   {product} {ergonomic}
    uintx NonNMethodCodeHeapSize                   = 5830732                                {pd product} {ergonomic}
    uintx NonProfiledCodeHeapSize                  = 122913754                              {pd product} {ergonomic}
    uintx ProfiledCodeHeapSize                     = 122913754                              {pd product} {ergonomic}
    uintx ReservedCodeCacheSize                    = 251658240                              {pd product} {ergonomic}
     bool SegmentedCodeCache                       = true                                      {product} {ergonomic}
     bool UseCompressedClassPointers               = true                                 {lp64_product} {ergonomic}
     bool UseCompressedOops                        = true                                 {lp64_product} {ergonomic}
     bool UseG1GC                                  = true                                      {product} {ergonomic}
     bool UseLargePagesIndividualAllocation        = false                                  {pd product} {ergonomic}

Logging:
Log output configuration:
 #0: stdout all=warning uptime,level,tags
 #1: stderr all=off uptime,level,tags

Environment Variables:
CLASSPATH=D:\etsangatsanganavinamaster\android\\gradle\wrapper\gradle-wrapper.jar
PATH=D:\etsangatsanganavinamaster\android\node_modules\.bin;D:\etsangatsanganavinamaster\node_modules\.bin;D:\node_modules\.bin;D:\node;D:\etsangatsanganavinamaster\node_modules\.bin;D:\node_modules\.bin;D:\node\node_modules\npm\node_modules\@npmcli\run-script\lib\node-gyp-bin;C:\Program Files\Eclipse Adoptium\jdk-11.0.16.101-hotspot\bin;C:\WINDOWS\system32;C:\WINDOWS;C:\WINDOWS\System32\Wbem;C:\WINDOWS\System32\WindowsPowerShell\v1.0\;C:\Program Files\dotnet\;C:\WINDOWS\System32\OpenSSH\;C:\ProgramData\chocolatey\bin;D:\node\;C:\Program Files\Git\cmd;C:\Users\Admin\AppData\Local\Microsoft\WindowsApps;H:\Microsoft VS Code\bin;H:\android studios\platform-tools;C:\Users\Admin\AppData\Roaming\npm;;D:\Microsoft VS Code\bin;D:\etsangatsanganavinamaster\node_modules\.bin
USERNAME=Admin
LANG=fr_FR.UTF-8
OS=Windows_NT
PROCESSOR_IDENTIFIER=Intel64 Family 6 Model 37 Stepping 5, GenuineIntel
TMP=C:\Users\Admin\AppData\Local\Temp
TEMP=C:\Users\Admin\AppData\Local\Temp



---------------  S Y S T E M  ---------------

OS: Windows 10 , 64 bit Build 19041 (10.0.19041.1706)
OS uptime: 1 days 1:32 hours

CPU:total 4 (initial active 4) (2 cores per cpu, 2 threads per core) family 6 model 37 stepping 5 microcode 0x7, cmov, cx8, fxsr, mmx, sse, sse2, sse3, ssse3, sse4.1, sse4.2, popcnt, ht, tsc, tscinvbit

Memory: 4k page, system-wide physical 3887M (139M free)
TotalPageFile size 8421M (AvailPageFile size 2M)
current process WorkingSet (physical memory assigned to process): 434M, peak: 434M
current process commit charge ("private bytes"): 491M, peak: 493M

vm_info: OpenJDK 64-Bit Server VM (11.0.16.1+1) for windows-amd64 JRE (11.0.16.1+1), built on Aug 16 2022 02:58:04 by "" with MS VC++ 15.9 (VS2017)

END.
